Removed Pin From Net: NetName=GND Pin=U4-1
Removed Pin From Net: NetName=Dout Pin=U4-2
Removed Pin From Net: NetName=NetR36_2 Pin=U4-3
Removed Pin From Net: NetName=5V Pin=U4-4
Removed Pin From Net: NetName=GND Pin=U4-5
Removed Pin From Net: NetName=GND Pin=U4-9
Removed Pin From Net: NetName=5V Pin=U4-10
Removed Pin From Net: NetName=GND Pin=U4-12
Removed Pin From Net: NetName=5V Pin=U4-13
Removed Member From Class: ClassName=Esquematico Member=U5
Change Component Footprint: Designator=J1 Old Footprint=FP-PJ-102A-MFG New Footprint=FP-PJ-102A-MFG
Change Component Footprint: Designator=DS1 Old Footprint=WL-T7DS_L17.5W12.4H7 New Footprint=WL-T7DS_L17.5W12.4H7
Change Component Footprint: Designator=DS2 Old Footprint=WL-T7DS_L17.5W12.4H7 New Footprint=WL-T7DS_L17.5W12.4H7
Change Component Footprint: Designator=DS3 Old Footprint=WL-T7DS_L17.5W12.4H7 New Footprint=WL-T7DS_L17.5W12.4H7
Change Component Footprint: Designator=DS4 Old Footprint=WL-T7DS_L17.5W12.4H7 New Footprint=WL-T7DS_L17.5W12.4H7
Change Component Comment : Designator=U5 Old Comment=SN74HC125N New Comment=
Change Component Designator: OldDesignator=U5 NewDesignator=U4
Added Pin To Net: NetName=GND Pin=U4-1
Added Pin To Net: NetName=Dout Pin=U4-2
Added Pin To Net: NetName=NetR36_2 Pin=U4-3
Added Pin To Net: NetName=5V Pin=U4-4
Added Pin To Net: NetName=GND Pin=U4-5
Added Pin To Net: NetName=GND Pin=U4-9
Added Pin To Net: NetName=5V Pin=U4-10
Added Pin To Net: NetName=GND Pin=U4-12
Added Pin To Net: NetName=5V Pin=U4-13
